<?xml version="1.0" encoding="UTF-8"?>
<testsuite name="BlackJackTest" tests="1" skipped="0" failures="0" errors="0" timestamp="2021-11-18T12:08:02" hostname="DESKTOP-NKOEJ2R" time="0.026">
  <properties/>
  <testcase name="testCreateCard()" classname="BlackJackTest" time="0.026"/>
  <system-out><![CDATA[]]></system-out>
  <system-err><![CDATA[]]></system-err>
</testsuite>
